[2026-07-08T05:15:52.572Z] GET http://localhost:5175/?variant=A → 200 (25ms, 1067B)
[2026-07-08T05:15:52.604Z] GET http://localhost:5175/@vite/client → 200 (152ms, 182535B)
[2026-07-08T05:15:52.605Z] GET https://fonts.googleapis.com/css2?family=Archivo:wght@400..900&family=Fraunces:ital,opsz,wght@0,9..144,300..700;1,9..144,300..700&family=IBM+Plex+Mono:wght@400;500;600&family=IBM+Plex+Sans:wght@400;500;600&family=Source+Serif+4:ital,opsz,wght@0,8..60,400..700;1,8..60,400..700&display=swap → 200 (171ms, 22279B)
[2026-07-08T05:15:52.605Z] GET http://localhost:5175/src/main.tsx → 200 (154ms, 2174B)
[2026-07-08T05:15:52.609Z] GET http://localhost:5175/@react-refresh → 200 (142ms, 113132B)
[2026-07-08T05:15:52.756Z] GET http://localhost:5175/node_modules/vite/dist/client/env.mjs → 200 (4ms, 3861B)
[2026-07-08T05:15:52.759Z] GET http://localhost:5175/node_modules/.vite/deps/react_jsx-dev-runtime.js?v=3d7ddf1a → 200 (12ms, 12434B)
[2026-07-08T05:15:52.759Z] GET http://localhost:5175/node_modules/@xyflow/react/dist/style.css → 200 (26ms, 19756B)
[2026-07-08T05:15:52.759Z] GET http://localhost:5175/src/index.css → 200 (57ms, 32655B)
[2026-07-08T05:15:52.759Z] GET http://localhost:5175/node_modules/.vite/deps/react.js?v=3d7ddf1a → 200 (9ms, 724B)
[2026-07-08T05:15:52.759Z] GET http://localhost:5175/node_modules/.vite/deps/react-dom_client.js?v=c7012fba → 200 (39ms, 1005535B)
[2026-07-08T05:15:52.759Z] GET http://localhost:5175/src/App.tsx → 200 (27ms, 5938B)
[2026-07-08T05:15:52.769Z] GET http://localhost:5175/node_modules/.vite/deps/chunk-GB5V7T6P.js?v=c8f977aa → 200 (25ms, 46922B)
[2026-07-08T05:15:52.787Z] GET http://localhost:5175/src/Switcher.tsx → 200 (62ms, 12934B)
[2026-07-08T05:15:52.787Z] GET http://localhost:5175/src/variants/VariantA.tsx → 200 (65ms, 54615B)
[2026-07-08T05:15:52.787Z] GET http://localhost:5175/src/variants/VariantB.tsx → 200 (67ms, 44106B)
[2026-07-08T05:15:52.787Z] GET http://localhost:5175/src/variants/VariantC.tsx → 200 (68ms, 54729B)
[2026-07-08T05:15:52.798Z] GET http://localhost:5175/node_modules/.vite/deps/chunk-ZS5TSIRA.js?v=c8f977aa → 200 (46ms, 16461B)
[2026-07-08T05:15:52.852Z] GET http://localhost:5175/node_modules/.vite/deps/@xyflow_react.js?v=1c5417c9 → 200 (13ms, 409417B)
[2026-07-08T05:15:52.852Z] GET http://localhost:5175/src/data.ts → 200 (10ms, 15682B)
[2026-07-08T05:15:52.852Z] GET http://localhost:5175/src/usePlanFlow.ts → 200 (10ms, 10236B)
[2026-07-08T05:15:52.865Z] GET http://localhost:5175/node_modules/.vite/deps/chunk-OPGBHW4Q.js?v=c8f977aa → 200 (7ms, 12782B)
[2026-07-08T05:15:52.983Z] GET https://fonts.gstatic.com/s/ibmplexsans/v23/zYXzKVElMYYaJe8bpLHnCwDKr932-G7dytD-Dmu1syxeKYbSB4Zh.woff2 → 200 (146ms, 40240B)
[2026-07-08T05:15:52.983Z] GET https://fonts.gstatic.com/s/ibmplexmono/v20/-F63fjptAgt5VM-kVkqdyU8n1i8q131nj-o.woff2 → 200 (120ms, 10052B)
[2026-07-08T05:15:52.983Z] GET https://fonts.gstatic.com/s/ibmplexmono/v20/-F6qfjptAgt5VM-kVkqdyU8n3vAOwlBFgsAXHNk.woff2 → 200 (116ms, 10120B)
[2026-07-08T05:16:12.173Z] GET http://localhost:5175/?variant=B → 200 (12ms, 1067B)
[2026-07-08T05:16:12.188Z] GET http://localhost:5175/@vite/client → 200 (19ms, 182535B)
[2026-07-08T05:16:12.188Z] GET https://fonts.googleapis.com/css2?family=Archivo:wght@400..900&family=Fraunces:ital,opsz,wght@0,9..144,300..700;1,9..144,300..700&family=IBM+Plex+Mono:wght@400;500;600&family=IBM+Plex+Sans:wght@400;500;600&family=Source+Serif+4:ital,opsz,wght@0,8..60,400..700;1,8..60,400..700&display=swap → 200 (?ms, 22279B)
[2026-07-08T05:16:12.191Z] GET http://localhost:5175/src/main.tsx → 200 (9ms, 2174B)
[2026-07-08T05:16:12.192Z] GET http://localhost:5175/@react-refresh → 200 (14ms, 113132B)
[2026-07-08T05:16:12.192Z] GET https://fonts.gstatic.com/s/ibmplexmono/v20/-F63fjptAgt5VM-kVkqdyU8n1i8q131nj-o.woff2 → 200 (?ms, ?B)
[2026-07-08T05:16:12.194Z] GET https://fonts.gstatic.com/s/ibmplexmono/v20/-F6qfjptAgt5VM-kVkqdyU8n3vAOwlBFgsAXHNk.woff2 → 200 (?ms, ?B)
[2026-07-08T05:16:12.195Z] GET https://fonts.gstatic.com/s/ibmplexsans/v23/zYXzKVElMYYaJe8bpLHnCwDKr932-G7dytD-Dmu1syxeKYbSB4Zh.woff2 → 200 (?ms, ?B)
[2026-07-08T05:16:12.201Z] GET http://localhost:5175/node_modules/.vite/deps/react_jsx-dev-runtime.js?v=3d7ddf1a → 200 (?ms, 12434B)
[2026-07-08T05:16:12.201Z] GET http://localhost:5175/node_modules/@xyflow/react/dist/style.css → 200 (6ms, 19756B)
[2026-07-08T05:16:12.204Z] GET http://localhost:5175/src/index.css → 200 (4ms, 32655B)
[2026-07-08T05:16:12.204Z] GET http://localhost:5175/node_modules/.vite/deps/react.js?v=3d7ddf1a → 200 (?ms, 724B)
[2026-07-08T05:16:12.204Z] GET http://localhost:5175/node_modules/.vite/deps/react-dom_client.js?v=c7012fba → 200 (?ms, 1005535B)
[2026-07-08T05:16:12.205Z] GET http://localhost:5175/src/App.tsx → 200 (3ms, 5938B)
[2026-07-08T05:16:12.205Z] GET http://localhost:5175/node_modules/.vite/deps/chunk-GB5V7T6P.js?v=c8f977aa → 200 (?ms, 46922B)
[2026-07-08T05:16:12.206Z] GET http://localhost:5175/node_modules/.vite/deps/chunk-ZS5TSIRA.js?v=c8f977aa → 200 (?ms, 16461B)
[2026-07-08T05:16:12.207Z] GET http://localhost:5175/node_modules/vite/dist/client/env.mjs → 200 (1ms, 3861B)
[2026-07-08T05:16:12.208Z] GET http://localhost:5175/src/Switcher.tsx → 200 (1ms, 12934B)
[2026-07-08T05:16:12.208Z] GET http://localhost:5175/src/variants/VariantA.tsx → 200 (1ms, 54615B)
[2026-07-08T05:16:12.208Z] GET http://localhost:5175/src/variants/VariantB.tsx → 200 (2ms, 44106B)
[2026-07-08T05:16:12.208Z] GET http://localhost:5175/src/variants/VariantC.tsx → 200 (5ms, 54729B)
[2026-07-08T05:16:12.209Z] GET http://localhost:5175/node_modules/.vite/deps/@xyflow_react.js?v=1c5417c9 → 200 (?ms, 409417B)
[2026-07-08T05:16:12.210Z] GET http://localhost:5175/src/data.ts → 200 (3ms, 15682B)
[2026-07-08T05:16:12.210Z] GET http://localhost:5175/src/usePlanFlow.ts → 200 (4ms, 10236B)
[2026-07-08T05:16:12.210Z] GET http://localhost:5175/node_modules/.vite/deps/chunk-OPGBHW4Q.js?v=c8f977aa → 200 (?ms, 12782B)
[2026-07-08T05:16:12.254Z] GET https://fonts.gstatic.com/s/fraunces/v38/6NU78FyLNQOQZAnv9bYEvDiIdE9Ea92uemAk_WBq8U_9v0c2Wa0KxC9TeP2Xz5c.woff2 → 200 (50ms, 67388B)
[2026-07-08T05:16:12.254Z] GET https://fonts.gstatic.com/s/sourceserif4/v14/vEFK2_tTDB4M7-auWDN0ahZJW1gewtW_WpzEpMs.woff2 → 200 (87ms, 129940B)
[2026-07-08T05:16:12.255Z] GET https://fonts.gstatic.com/s/sourceserif4/v14/vEFI2_tTDB4M7-auWDN0ahZJW1gb8te1Xb7G.woff2 → 200 (103ms, 122168B)
[2026-07-08T05:16:29.504Z] GET http://localhost:5175/?variant=C → 200 (4ms, ?B)
[2026-07-08T05:16:29.516Z] GET http://localhost:5175/@vite/client → 304 (1ms, ?B)
[2026-07-08T05:16:29.516Z] GET https://fonts.googleapis.com/css2?family=Archivo:wght@400..900&family=Fraunces:ital,opsz,wght@0,9..144,300..700;1,9..144,300..700&family=IBM+Plex+Mono:wght@400;500;600&family=IBM+Plex+Sans:wght@400;500;600&family=Source+Serif+4:ital,opsz,wght@0,8..60,400..700;1,8..60,400..700&display=swap → 200 (1ms, 22279B)
[2026-07-08T05:16:29.517Z] GET http://localhost:5175/src/main.tsx → 304 (?ms, ?B)
[2026-07-08T05:16:29.518Z] GET http://localhost:5175/@react-refresh → 304 (4ms, ?B)
[2026-07-08T05:16:29.518Z] GET http://localhost:5175/node_modules/vite/dist/client/env.mjs → 304 (4ms, ?B)
[2026-07-08T05:16:29.518Z] GET http://localhost:5175/node_modules/.vite/deps/react_jsx-dev-runtime.js?v=3d7ddf1a → 200 (?ms, 12434B)
[2026-07-08T05:16:29.519Z] GET http://localhost:5175/node_modules/@xyflow/react/dist/style.css → 304 (4ms, ?B)
[2026-07-08T05:16:29.519Z] GET http://localhost:5175/src/index.css → 304 (4ms, ?B)
[2026-07-08T05:16:29.519Z] GET http://localhost:5175/node_modules/.vite/deps/react.js?v=3d7ddf1a → 200 (1ms, 724B)
[2026-07-08T05:16:29.520Z] GET http://localhost:5175/node_modules/.vite/deps/react-dom_client.js?v=c7012fba → 200 (?ms, 1005535B)
[2026-07-08T05:16:29.521Z] GET http://localhost:5175/src/App.tsx → 304 (2ms, ?B)
[2026-07-08T05:16:29.521Z] GET http://localhost:5175/node_modules/.vite/deps/chunk-GB5V7T6P.js?v=c8f977aa → 200 (?ms, 46922B)
[2026-07-08T05:16:29.521Z] GET http://localhost:5175/node_modules/.vite/deps/chunk-ZS5TSIRA.js?v=c8f977aa → 200 (?ms, 16461B)
[2026-07-08T05:16:29.524Z] GET http://localhost:5175/src/Switcher.tsx → 304 (1ms, ?B)
[2026-07-08T05:16:29.524Z] GET http://localhost:5175/src/variants/VariantA.tsx → 304 (2ms, ?B)
[2026-07-08T05:16:29.524Z] GET http://localhost:5175/src/variants/VariantB.tsx → 304 (2ms, ?B)
[2026-07-08T05:16:29.524Z] GET http://localhost:5175/src/variants/VariantC.tsx → 304 (2ms, ?B)
[2026-07-08T05:16:29.526Z] GET http://localhost:5175/node_modules/.vite/deps/@xyflow_react.js?v=1c5417c9 → 200 (?ms, 409417B)
[2026-07-08T05:16:29.526Z] GET http://localhost:5175/src/data.ts → 304 (?ms, ?B)
[2026-07-08T05:16:29.526Z] GET http://localhost:5175/src/usePlanFlow.ts → 304 (?ms, ?B)
[2026-07-08T05:16:29.526Z] GET http://localhost:5175/node_modules/.vite/deps/chunk-OPGBHW4Q.js?v=c8f977aa → 200 (?ms, 12782B)
[2026-07-08T05:16:29.528Z] GET https://fonts.gstatic.com/s/fraunces/v38/6NU78FyLNQOQZAnv9bYEvDiIdE9Ea92uemAk_WBq8U_9v0c2Wa0KxC9TeP2Xz5c.woff2 → 200 (?ms, ?B)
[2026-07-08T05:16:29.528Z] GET https://fonts.gstatic.com/s/ibmplexmono/v20/-F63fjptAgt5VM-kVkqdyU8n1i8q131nj-o.woff2 → 200 (?ms, ?B)
[2026-07-08T05:16:29.529Z] GET https://fonts.gstatic.com/s/ibmplexmono/v20/-F6qfjptAgt5VM-kVkqdyU8n3vAOwlBFgsAXHNk.woff2 → 200 (?ms, ?B)
[2026-07-08T05:16:29.529Z] GET https://fonts.gstatic.com/s/ibmplexsans/v23/zYXzKVElMYYaJe8bpLHnCwDKr932-G7dytD-Dmu1syxeKYbSB4Zh.woff2 → 200 (?ms, ?B)
[2026-07-08T05:16:29.533Z] GET https://fonts.gstatic.com/s/sourceserif4/v14/vEFK2_tTDB4M7-auWDN0ahZJW1gewtW_WpzEpMs.woff2 → 200 (1ms, ?B)
[2026-07-08T05:16:29.534Z] GET https://fonts.gstatic.com/s/sourceserif4/v14/vEFI2_tTDB4M7-auWDN0ahZJW1gb8te1Xb7G.woff2 → 200 (?ms, ?B)
[2026-07-08T05:16:29.546Z] GET https://fonts.gstatic.com/s/archivo/v25/k3kPo8UDI-1M0wlSV9XAw6lQkqWY8Q82sLydOxKsv4Rn.woff2 → 200 (73ms, 34940B)
